<?xml version="1.0" encoding="UTF-8"?>
<testsuite xmlns:xsi="http://www.w3.org/2001/XMLSchema-instance" xsi:noNamespaceSchemaLocation="https://maven.apache.org/surefire/maven-surefire-plugin/xsd/surefire-test-report.xsd" version="3.0.2" name="com.c8y.ocpp16j.service.OperationServiceTest" time="3.303" tests="7" errors="0" skipped="0" failures="0" flakes="0">
  <properties>
[...]
</properties>
  <testcase name="shouldSendUnlock" classname="UnlockConnector (c8y_UnlockConnector)" time="2.69">
    <system-out><![CDATA[2026-05-27T12:19:25.953+02:00  INFO 19340 --- [           main] c.c8y.ocpp16j.service.OperationService   : Found 1 PENDING c8y_UnlockConnector operations
2026-05-27T12:19:25.954+02:00  INFO 19340 --- [           main] c.c8y.ocpp16j.service.OperationService   : Processing c8y_UnlockConnector operation for deviceId=device-001, operationId=op-75263112028400
2026-05-27T12:19:26.274+02:00  INFO 19340 --- [           main] c.c8y.ocpp16j.service.OperationService   : Sent OCPP command for c8y_UnlockConnector to deviceId=device-001, operationId=op-75263112028400
]]></system-out>
  </testcase>
  <testcase name="shouldSendHardReset" classname="Reset (c8y_Restart)" time="0.076">
    <system-out><![CDATA[2026-05-27T12:19:26.583+02:00  INFO 19340 --- [           main] c.c8y.ocpp16j.service.OperationService   : Found 1 PENDING c8y_Restart operations
2026-05-27T12:19:26.585+02:00  INFO 19340 --- [           main] c.c8y.ocpp16j.service.OperationService   : Processing c8y_Restart operation for deviceId=device-001, operationId=op-75263863642000
2026-05-27T12:19:26.595+02:00  INFO 19340 --- [           main] c.c8y.ocpp16j.service.OperationService   : Sent OCPP command for c8y_Restart to deviceId=device-001, operationId=op-75263863642000
]]></system-out>
  </testcase>
  <testcase name="shouldSendRemoteStart" classname="RemoteStartTransaction (c8y_StartCharging)" time="0.112">
    <system-out><![CDATA[2026-05-27T12:19:26.734+02:00  INFO 19340 --- [           main] c.c8y.ocpp16j.service.OperationService   : Found 1 PENDING c8y_StartCharging operations
2026-05-27T12:19:26.736+02:00  INFO 19340 --- [           main] c.c8y.ocpp16j.service.OperationService   : Processing c8y_StartCharging operation for deviceId=device-001, operationId=op-75264001208900
2026-05-27T12:19:26.747+02:00  INFO 19340 --- [           main] c.c8y.ocpp16j.service.OperationService   : Sent OCPP command for c8y_StartCharging to deviceId=device-001, operationId=op-75264001208900
]]></system-out>
  </testcase>
  <testcase name="shouldSendRemoteStopAndMarkSuccess" classname="RemoteStopTransaction (c8y_StopCharging)" time="0.116">
    <system-out><![CDATA[2026-05-27T12:19:26.849+02:00  INFO 19340 --- [           main] c.c8y.ocpp16j.service.OperationService   : Found 1 PENDING c8y_StopCharging operations
2026-05-27T12:19:26.850+02:00  INFO 19340 --- [           main] c.c8y.ocpp16j.service.OperationService   : Processing c8y_StopCharging operation for deviceId=device-001, operationId=op-75264128972400
2026-05-27T12:19:26.856+02:00  INFO 19340 --- [           main] c.c8y.ocpp16j.service.OperationService   : Sent OCPP command for c8y_StopCharging to deviceId=device-001, operationId=op-75264128972400
]]></system-out>
  </testcase>
  <testcase name="shouldSkipWhenDeviceNotConnected" classname="RemoteStopTransaction (c8y_StopCharging)" time="0.051">
    <system-out><![CDATA[2026-05-27T12:19:26.963+02:00  INFO 19340 --- [           main] c.c8y.ocpp16j.service.OperationService   : Found 1 PENDING c8y_StopCharging operations
]]></system-out>
  </testcase>
  <testcase name="shouldPollForAllFragmentTypes" classname="Operation Polling" time="0.056"/>
  <testcase name="shouldSkipWhenNoActiveSessions" classname="Operation Polling" time="0.045"/>
</testsuite>