<?xml version="1.0" encoding="UTF-8"?>
<testsuite xmlns:xsi="http://www.w3.org/2001/XMLSchema-instance" xsi:noNamespaceSchemaLocation="https://maven.apache.org/surefire/maven-surefire-plugin/xsd/surefire-test-report.xsd" version="3.0.2" name="com.c8y.ocpp16j.AppTest" time="15.15" tests="1" errors="0" skipped="0" failures="0" flakes="0">
  <properties>
[...]
</properties>
  <testcase name="contextLoads" classname="com.c8y.ocpp16j.AppTest" time="2.103">
    <system-out><![CDATA[12:19:05.534 [main] INFO org.springframework.test.context.support.AnnotationConfigContextLoaderUtils -- Could not detect default configuration classes for test class [com.c8y.ocpp16j.AppTest]: AppTest does not declare any static, non-private, non-final, nested classes annotated with @Configuration.
12:19:05.763 [main] INFO org.springframework.boot.test.context.SpringBootTestContextBootstrapper -- Found @SpringBootConfiguration com.c8y.ocpp16j.App for test class com.c8y.ocpp16j.AppTest
   ____   _____ _____  _____  __    __       _    _____                            _             
  / __ \ / ____|  __ \|  __ \/_ |  / /      | |  / ____|                          | |            
 | |  | | |    | |__) | |__) || | / /_      | | | |     ___  _ __  _ __   ___  ___| |_ ___  _ __ 
 | |  | | |    |  ___/|  ___/ | || '_ \ _   | | | |    / _ \| '_ \| '_ \ / _ \/ __| __/ _ \| '__|
 | |__| | |____| |    | |     | || (_) | |__| | | |___| (_) | | | | | | |  __/ (__| || (_) | |   
  \____/ \_____|_|    |_|     |_(_)___/ \____/   \_____\___/|_| |_|_| |_|\___|\___|\__\___/|_|   
                                                           
                                                                  
Version (1.0.0-SNAPSHOT)

 :: Cumulocity Microservices SDK (2026.38.0) ::                                                                                                                
 :: Spring Boot (v3.5.14) ::
 
2026-05-27T12:19:06.487+02:00  INFO 19340 --- [           main] com.c8y.ocpp16j.AppTest                  : Starting AppTest using Java 17.0.13 with PID 19340 (started by Arsalan in C:\Users\Arsalan\OneDrive - Cumulocity Cloud\Documents\ocpp16j)
2026-05-27T12:19:06.489+02:00  INFO 19340 --- [           main] com.c8y.ocpp16j.AppTest                  : The following 1 profile is active: "dev"
2026-05-27T12:19:09.485+02:00  INFO 19340 --- [           main] o.s.c.a.ConfigurationClassEnhancer       : @Bean method EnableContextSupportConfiguration.propertySourcesPlaceholderConfigurer is non-static and returns an object assignable to Spring's BeanFactoryPostProcessor interface. This will result in a failure to process annotations such as @Autowired, @Resource, and @PostConstruct within the method's declaring @Configuration class. Add the 'static' modifier to this method to avoid these container lifecycle issues; see @Bean javadoc for complete details.
2026-05-27T12:19:09.526+02:00  INFO 19340 --- [           main] o.s.c.a.ConfigurationClassEnhancer       : @Bean method EnableContextSupportConfiguration.contextScopeConfigurer is non-static and returns an object assignable to Spring's BeanFactoryPostProcessor interface. This will result in a failure to process annotations such as @Autowired, @Resource, and @PostConstruct within the method's declaring @Configuration class. Add the 'static' modifier to this method to avoid these container lifecycle issues; see @Bean javadoc for complete details.
2026-05-27T12:19:11.017+02:00  INFO 19340 --- [           main] bleMicroserviceSubscriptionConfiguration : Microservice repository will be build for application 'ocpp16j'.
2026-05-27T12:19:11.626+02:00  WARN 19340 --- [           main] .m.s.s.i.MicroserviceSettingsServiceImpl : Loading tenant options using bootstrap credentials!
2026-05-27T12:19:14.239+02:00  INFO 19340 --- [           main] c.c.m.s.c.TokenCacheConfiguration        : Default Guava implementation for token cache is used.
Parameters:
- max cache size: 10000
- expire after access: 10 minutes. Expire after write 0 seconds
2026-05-27T12:19:15.940+02:00  INFO 19340 --- [           main] o.s.b.a.e.web.EndpointLinksResolver      : Exposing 3 endpoints beneath base path ''
2026-05-27T12:19:16.140+02:00  WARN 19340 --- [           main] r$InitializeUserDetailsManagerConfigurer : Global AuthenticationManager configured with an AuthenticationProvider bean. UserDetailsService beans will not be used by Spring Security for automatically configuring username/password login. Consider removing the AuthenticationProvider bean. Alternatively, consider using the UserDetailsService in a manually instantiated DaoAuthenticationProvider. If the current configuration is intentional, to turn off this warning, increase the logging level of 'org.springframework.security.config.annotation.authentication.configuration.InitializeUserDetailsBeanManagerConfigurer' to ERROR
2026-05-27T12:19:16.717+02:00  INFO 19340 --- [           main] c.c.m.s.TenantOptionPropertySource       : Overriding application settings with tenant options is enabled.
2026-05-27T12:19:17.066+02:00  INFO 19340 --- [           main] o.s.v.b.OptionalValidatorFactoryBean     : Failed to set up a Bean Validation provider: jakarta.validation.NoProviderFoundException: Unable to create a Configuration, because no Jakarta Bean Validation provider could be found. Add a provider like Hibernate Validator (RI) to your classpath.
2026-05-27T12:19:18.066+02:00  INFO 19340 --- [           main] .s.s.i.MicroserviceSubscriptionScheduler : Start; subscriptionDelay = 10000, subscriptionInitialDelay = 30000
2026-05-27T12:19:18.077+02:00  INFO 19340 --- [           main] com.c8y.ocpp16j.AppTest                  : Started AppTest in 12.064 seconds (process running for 13.835)
]]></system-out>
  </testcase>
</testsuite>